# JRE version: OpenJDK Runtime Environment (21.0.8) (build 21.0.8+-14196175-b1038.72)
# Java VM: OpenJDK 64-Bit Server VM (21.0.8+-14196175-b1038.72, mixed mode, tiered, compressed oops, compressed class ptrs, g1 gc, windows-amd64)
GC Precious Log:
 CardTable entry size: 512
 Card Set container configuration: InlinePtr #cards 5 size 8 Array Of Cards #cards 12 size 40 Howl #buckets 4 coarsen threshold 1843 Howl Bitmap #cards 512 size 80 coarsen threshold 460 Card regions per heap region 1 cards per card region 2048
 CPUs: 8 total, 8 available
 Memory: 7835M
 Large Page Support: Disabled
 NUMA Support: Disabled
 Compressed Oops: Enabled (32-bit)
 Heap Region Size: 1M
 Heap Min Capacity: 8M
 Heap Initial Capacity: 124M
 Heap Max Capacity: 2G
 Pre-touch: Disabled
 Parallel Workers: 8
 Concurrent Workers: 2
 Concurrent Refinement Workers: 8
 Periodic GC: Disabled
Heap:
 garbage-first heap   total 454656K, used 176561K [0x0000000080000000, 0x0000000100000000)
  region size 1024K, 26 young (26624K), 2 survivors (2048K)
 Metaspace       used 153759K, committed 156096K, reserved 1245184K
  class space    used 21488K, committed 22656K, reserved 1048576K
GC Heap History (20 events):
Event: 143.107 GC heap before
{Heap before GC invocations=60 (full 0):
 garbage-first heap   total 227328K, used 148371K [0x0000000080000000, 0x0000000100000000)
  region size 1024K, 14 young (14336K), 2 survivors (2048K)
 Metaspace       used 127778K, committed 130048K, reserved 1179648K
  class space    used 17630K, committed 18752K, reserved 1048576K
}
Event: 143.177 GC heap after
{Heap after GC invocations=61 (full 0):
 garbage-first heap   total 454656K, used 139973K [0x0000000080000000, 0x0000000100000000)
  region size 1024K, 2 young (2048K), 2 survivors (2048K)
 Metaspace       used 127778K, committed 130048K, reserved 1179648K
  class space    used 17630K, committed 18752K, reserved 1048576K
}
Event: 151.070 GC heap before
{Heap before GC invocations=62 (full 0):
 garbage-first heap   total 454656K, used 160453K [0x0000000080000000, 0x0000000100000000)
  region size 1024K, 22 young (22528K), 2 survivors (2048K)
 Metaspace       used 128250K, committed 130560K, reserved 1179648K
  class space    used 17690K, committed 18816K, reserved 1048576K
}
Event: 151.133 GC heap after
{Heap after GC invocations=63 (full 0):
 garbage-first heap   total 454656K, used 145379K [0x0000000080000000, 0x0000000100000000)
  region size 1024K, 3 young (3072K), 3 survivors (3072K)
 Metaspace       used 128250K, committed 130560K, reserved 1179648K
  class space    used 17690K, committed 18816K, reserved 1048576K
}
Event: 156.338 GC heap before
{Heap before GC invocations=63 (full 0):
 garbage-first heap   total 454656K, used 164835K [0x0000000080000000, 0x0000000100000000)
  region size 1024K, 22 young (22528K), 3 survivors (3072K)
 Metaspace       used 130285K, committed 132608K, reserved 1179648K
  class space    used 17959K, committed 19072K, reserved 1048576K
}
Event: 156.366 GC heap after
{Heap after GC invocations=64 (full 0):
 garbage-first heap   total 454656K, used 145904K [0x0000000080000000, 0x0000000100000000)
  region size 1024K, 3 young (3072K), 3 survivors (3072K)
 Metaspace       used 130285K, committed 132608K, reserved 1179648K
  class space    used 17959K, committed 19072K, reserved 1048576K
}
Event: 160.817 GC heap before
{Heap before GC invocations=64 (full 0):
 garbage-first heap   total 454656K, used 164336K [0x0000000080000000, 0x0000000100000000)
  region size 1024K, 22 young (22528K), 3 survivors (3072K)
 Metaspace       used 132084K, committed 134464K, reserved 1179648K
  class space    used 18181K, committed 19328K, reserved 1048576K
}
Event: 160.873 GC heap after
{Heap after GC invocations=65 (full 0):
 garbage-first heap   total 454656K, used 145889K [0x0000000080000000, 0x0000000100000000)
  region size 1024K, 1 young (1024K), 1 survivors (1024K)
 Metaspace       used 132084K, committed 134464K, reserved 1179648K
  class space    used 18181K, committed 19328K, reserved 1048576K
}
Event: 162.670 GC heap before
{Heap before GC invocations=65 (full 0):
 garbage-first heap   total 454656K, used 166369K [0x0000000080000000, 0x0000000100000000)
  region size 1024K, 22 young (22528K), 1 survivors (1024K)
 Metaspace       used 134711K, committed 137088K, reserved 1179648K
  class space    used 18550K, committed 19712K, reserved 1048576K
}
Event: 162.703 GC heap after
{Heap after GC invocations=66 (full 0):
 garbage-first heap   total 454656K, used 146532K [0x0000000080000000, 0x0000000100000000)
  region size 1024K, 2 young (2048K), 2 survivors (2048K)
 Metaspace       used 134711K, committed 137088K, reserved 1179648K
  class space    used 18550K, committed 19712K, reserved 1048576K
}
Event: 164.668 GC heap before
{Heap before GC invocations=66 (full 0):
 garbage-first heap   total 454656K, used 165988K [0x0000000080000000, 0x0000000100000000)
  region size 1024K, 22 young (22528K), 2 survivors (2048K)
 Metaspace       used 137561K, committed 139840K, reserved 1179648K
  class space    used 18993K, committed 20096K, reserved 1048576K
}
Event: 164.697 GC heap after
{Heap after GC invocations=67 (full 0):
 garbage-first heap   total 454656K, used 146252K [0x0000000080000000, 0x0000000100000000)
  region size 1024K, 2 young (2048K), 2 survivors (2048K)
 Metaspace       used 137561K, committed 139840K, reserved 1179648K
  class space    used 18993K, committed 20096K, reserved 1048576K
}
Event: 167.087 GC heap before
{Heap before GC invocations=67 (full 0):
 garbage-first heap   total 454656K, used 181068K [0x0000000080000000, 0x0000000100000000)
  region size 1024K, 37 young (37888K), 2 survivors (2048K)
 Metaspace       used 142677K, committed 145024K, reserved 1179648K
  class space    used 19837K, committed 20992K, reserved 1048576K
}
Event: 167.111 GC heap after
{Heap after GC invocations=68 (full 0):
 garbage-first heap   total 454656K, used 146837K [0x0000000080000000, 0x0000000100000000)
  region size 1024K, 3 young (3072K), 3 survivors (3072K)
 Metaspace       used 142677K, committed 145024K, reserved 1179648K
  class space    used 19837K, committed 20992K, reserved 1048576K
}
Event: 173.794 GC heap before
{Heap before GC invocations=68 (full 0):
 garbage-first heap   total 454656K, used 202133K [0x0000000080000000, 0x0000000100000000)
  region size 1024K, 58 young (59392K), 3 survivors (3072K)
 Metaspace       used 149491K, committed 151872K, reserved 1179648K
  class space    used 20977K, committed 22144K, reserved 1048576K
}
Event: 173.805 GC heap after
{Heap after GC invocations=69 (full 0):
 garbage-first heap   total 454656K, used 147681K [0x0000000080000000, 0x0000000100000000)
  region size 1024K, 4 young (4096K), 4 survivors (4096K)
 Metaspace       used 149491K, committed 151872K, reserved 1179648K
  class space    used 20977K, committed 22144K, reserved 1048576K
}
Event: 551.599 GC heap before
{Heap before GC invocations=69 (full 0):
 garbage-first heap   total 454656K, used 243937K [0x0000000080000000, 0x0000000100000000)
  region size 1024K, 86 young (88064K), 4 survivors (4096K)
 Metaspace       used 153475K, committed 155840K, reserved 1245184K
  class space    used 21486K, committed 22656K, reserved 1048576K
}
Event: 552.197 GC heap after
{Heap after GC invocations=70 (full 0):
 garbage-first heap   total 454656K, used 151724K [0x0000000080000000, 0x0000000100000000)
  region size 1024K, 8 young (8192K), 8 survivors (8192K)
 Metaspace       used 153475K, committed 155840K, reserved 1245184K
  class space    used 21486K, committed 22656K, reserved 1048576K
}
Event: 556.220 GC heap before
{Heap before GC invocations=70 (full 0):
 garbage-first heap   total 454656K, used 165036K [0x0000000080000000, 0x0000000100000000)
  region size 1024K, 22 young (22528K), 8 survivors (8192K)
 Metaspace       used 153540K, committed 155904K, reserved 1245184K
  class space    used 21486K, committed 22656K, reserved 1048576K
}
Event: 556.512 GC heap after
{Heap after GC invocations=71 (full 0):
 garbage-first heap   total 454656K, used 153009K [0x0000000080000000, 0x0000000100000000)
  region size 1024K, 2 young (2048K), 2 survivors (2048K)
 Metaspace       used 153540K, committed 155904K, reserved 1245184K
  class space    used 21486K, committed 22656K, reserved 1048576K
}

